<?xml version="1.0" encoding="UTF-8"?>
<!-- Generated by org.testng.reporters.JUnitReportReporter -->
<testsuite skipped="0" hostname="PC_Darvish" name="YandexMusic.YandexMusicTest" tests="1" failures="0" timestamp="2020-08-16T20:26:49 EET" time="14.061" errors="0">
  <testcase name="PositiveTestAuthorization" time="14.061" classname="YandexMusic.YandexMusicTest"/>
  <system-out/>
</testsuite> <!-- YandexMusic.YandexMusicTest -->
